Using pre-set license
Built from '2020.3/release' branch; Version is '2020.3.12f1 (b3b2c6512326) revision 11776710'; Using compiler version '192528614'; Build Type 'Release'
OS: 'Windows 10 Education; OS build 19043.1165; Version 2009; 64bit' Language: 'en' Physical Memory: 65480 MB
BatchMode: 1, IsHumanControllingUs: 0, StartBugReporterOnCrash: 0, Is64bit: 1, IsPro: 0

 COMMAND LINE ARGUMENTS:
C:\Program Files\Unity\Hub\Editor\2020.3.12f1\Editor\Unity.exe
-adb2
-batchMode
-noUpm
-name
AssetImportWorker0
-projectPath
E:/Dev/VRAssignment2
-logFile
Logs/AssetImportWorker0.log
-srvPort
51728
Successfully changed project path to: E:/Dev/VRAssignment2
E:/Dev/VRAssignment2
Using Asset Import Pipeline V2.
Refreshing native plugins compatible for Editor in 41.16 ms, found 2 plugins.
Preloading 0 native plugins for Editor in 0.00 ms.
Initialize engine version: 2020.3.12f1 (b3b2c6512326)
[Subsystems] Discovering subsystems at path C:/Program Files/Unity/Hub/Editor/2020.3.12f1/Editor/Data/Resources/UnitySubsystems
[Subsystems] Discovering subsystems at path E:/Dev/VRAssignment2/Assets
GfxDevice: creating device client; threaded=0
Direct3D:
    Version:  Direct3D 11.0 [level 11.1]
    Renderer: AMD Radeon RX 6800 XT (ID=0x73bf)
    Vendor:   
    VRAM:     16338 MB
    Driver:   27.20.22025.1006
Shader 'Universal Render Pipeline/Particles/Lit': fallback shader 'Universal Render Pipeline/Particles/SimpleLit' not found
Initialize mono
Mono path[0] = 'C:/Program Files/Unity/Hub/Editor/2020.3.12f1/Editor/Data/Managed'
Mono path[1] = 'C:/Program Files/Unity/Hub/Editor/2020.3.12f1/Editor/Data/MonoBleedingEdge/lib/mono/unityjit'
Mono config path = 'C:/Program Files/Unity/Hub/Editor/2020.3.12f1/Editor/Data/MonoBleedingEdge/etc'
Using monoOptions --debugger-agent=transport=dt_socket,embedding=1,server=y,suspend=n,address=127.0.0.1:56428
Begin MonoManager ReloadAssembly
Registering precompiled unity dll's ...
Register platform support module: C:/Program Files/Unity/Hub/Editor/2020.3.12f1/Editor/Data/PlaybackEngines/WindowsStandaloneSupport/UnityEditor.WindowsStandalone.Extensions.dll
Registered in 0.001581 seconds.
Native extension for WindowsStandalone target not found
Refreshing native plugins compatible for Editor in 41.27 ms, found 2 plugins.
Preloading 0 native plugins for Editor in 0.00 ms.
Mono: successfully reloaded assembly
- Completed reload, in  1.778 seconds
Platform modules already initialized, skipping
Registering precompiled user dll's ...
Registered in 0.003504 seconds.
Begin MonoManager ReloadAssembly
Native extension for WindowsStandalone target not found
Refreshing native plugins compatible for Editor in 40.50 ms, found 2 plugins.
Preloading 0 native plugins for Editor in 0.00 ms.
Mono: successfully reloaded assembly
- Completed reload, in  0.899 seconds
Platform modules already initialized, skipping
========================================================================
Worker process is ready to serve import requests
Shader 'Universal Render Pipeline/Particles/Lit': fallback shader 'Universal Render Pipeline/Particles/SimpleLit' not found
Launched and connected shader compiler UnityShaderCompiler.exe after 0.03 seconds
Refreshing native plugins compatible for Editor in 0.54 ms, found 2 plugins.
Preloading 0 native plugins for Editor in 0.00 ms.
Unloading 2745 Unused Serialized files (Serialized files now loaded: 0)
System memory in use before: 126.6 MB.
System memory in use after: 126.8 MB.

Unloading 19 unused Assets to reduce memory usage. Loaded Objects now: 3183.
Total: 2.355200 ms (FindLiveObjects: 0.281700 ms CreateObjectMapping: 0.096200 ms MarkObjects: 1.915900 ms  DeleteObjects: 0.060100 ms)

AssetImportParameters requested are different than current active one (requested -> active):
  custom:framework-win-MediaFoundation: 216162199b28c13a410421893ffa2e32 -> 
  custom:video-decoder-ogg-theora: a1e56fd34408186e4bbccfd4996cb3dc -> 
  custom:container-muxer-webm: aa71ff27fc2769a1b78a27578f13a17b -> 
  custom:container-demuxer-webm: 4f35f7cbe854078d1ac9338744f61a02 -> 
  custom:container-demuxer-ogg: 62fdf1f143b41e24485cea50d1cbac27 -> 
  custom:video-encoder-webm-vp8: eb34c28f22e8b96e1ab97ce403110664 -> 
  custom:video-decoder-webm-vp8: 9c59270c3fd7afecdb556c50c9e8de78 -> 
  custom:audio-decoder-ogg-vorbis: bf7c407c2cedff20999df2af8eb42d56 -> 
  custom:audio-encoder-webm-vorbis: bf7c407c2cedff20999df2af8eb42d56 -> 
========================================================================
Received Import Request.
  path: Assets/ShaderTextAssets/TextMatSquash.mat
  artifactKey: Guid(6b11ee91034c6ad47974b3e69313f8cd) Importer(815301076,1909f56bfc062723c751e8b465ee728b)
Start importing Assets/ShaderTextAssets/TextMatSquash.mat using Guid(6b11ee91034c6ad47974b3e69313f8cd) Importer(815301076,1909f56bfc062723c751e8b465ee728b)  -> (artifact id: 'a483d1e9118f25b13963f041c7586ea5') in 0.200665 seconds 
  Import took 0.204572 seconds .

========================================================================
Received Import Request.
  Time since last request: 7.371857 seconds.
  path: Assets/ShaderTextAssets/readme.txt
  artifactKey: Guid(7a7ec14627985bf40a536e944011555f) Importer(815301076,1909f56bfc062723c751e8b465ee728b)
Start importing Assets/ShaderTextAssets/readme.txt using Guid(7a7ec14627985bf40a536e944011555f) Importer(815301076,1909f56bfc062723c751e8b465ee728b)  -> (artifact id: '3b7ff069f0865b732e0fe06de65d2fda') in 0.009856 seconds 
  Import took 0.013751 seconds .

========================================================================
Received Import Request.
  Time since last request: 0.000751 seconds.
  path: Assets/ShaderTextAssets/readme.txt
  artifactKey: Guid(7a7ec14627985bf40a536e944011555f) Importer(815301076,1909f56bfc062723c751e8b465ee728b)
Start importing Assets/ShaderTextAssets/readme.txt using Guid(7a7ec14627985bf40a536e944011555f) Importer(815301076,1909f56bfc062723c751e8b465ee728b)  -> (artifact id: '3b7ff069f0865b732e0fe06de65d2fda') in 0.002366 seconds 
  Import took 0.005049 seconds .

========================================================================
Received Import Request.
  Time since last request: 2.520965 seconds.
  path: Assets/URP/Scenes
  artifactKey: Guid(c11fab2da3e527b44a6e30e25abd0953) Importer(815301076,1909f56bfc062723c751e8b465ee728b)
Start importing Assets/URP/Scenes using Guid(c11fab2da3e527b44a6e30e25abd0953) Importer(815301076,1909f56bfc062723c751e8b465ee728b)  -> (artifact id: 'b63080ed1324f1455c3ceb0a89c8f3e3') in 0.004815 seconds 
  Import took 0.008604 seconds .

========================================================================
Received Import Request.
  Time since last request: 0.004798 seconds.
  path: Assets/URP/Scenes
  artifactKey: Guid(c11fab2da3e527b44a6e30e25abd0953) Importer(815301076,1909f56bfc062723c751e8b465ee728b)
Start importing Assets/URP/Scenes using Guid(c11fab2da3e527b44a6e30e25abd0953) Importer(815301076,1909f56bfc062723c751e8b465ee728b)  -> (artifact id: 'b63080ed1324f1455c3ceb0a89c8f3e3') in 0.001265 seconds 
  Import took 0.004032 seconds .

========================================================================
Received Import Request.
  Time since last request: 0.906809 seconds.
  path: Assets/URP/Scenes/SampleScene.unity
  artifactKey: Guid(9fc0d4010bbf28b4594072e72b8655ab) Importer(815301076,1909f56bfc062723c751e8b465ee728b)
Start importing Assets/URP/Scenes/SampleScene.unity using Guid(9fc0d4010bbf28b4594072e72b8655ab) Importer(815301076,1909f56bfc062723c751e8b465ee728b)  -> (artifact id: 'c12e6c277e1e430fecda98ce328232f5') in 0.005081 seconds 
  Import took 0.009443 seconds .

========================================================================
Received Import Request.
  Time since last request: 0.004020 seconds.
  path: Assets/URP/Scenes/SampleScene.unity
  artifactKey: Guid(9fc0d4010bbf28b4594072e72b8655ab) Importer(815301076,1909f56bfc062723c751e8b465ee728b)
Start importing Assets/URP/Scenes/SampleScene.unity using Guid(9fc0d4010bbf28b4594072e72b8655ab) Importer(815301076,1909f56bfc062723c751e8b465ee728b)  -> (artifact id: 'c12e6c277e1e430fecda98ce328232f5') in 0.001565 seconds 
  Import took 0.004515 seconds .

========================================================================
Received Import Request.
  Time since last request: 10.265747 seconds.
  path: Assets/URP/Presets/AudioCompressedInMemory.preset
  artifactKey: Guid(2dd802e4d37c65149922028d3e973832) Importer(815301076,1909f56bfc062723c751e8b465ee728b)
Start importing Assets/URP/Presets/AudioCompressedInMemory.preset using Guid(2dd802e4d37c65149922028d3e973832) Importer(815301076,1909f56bfc062723c751e8b465ee728b)  -> (artifact id: 'ac4de02398cfe62c06251b0f50233ebf') in 0.011889 seconds 
  Import took 0.015718 seconds .

========================================================================
Received Import Request.
  Time since last request: 0.000121 seconds.
  path: Assets/URP/Presets/AudioStreaming.preset
  artifactKey: Guid(86bcce7f5575b54408aa0f3a7d321039) Importer(815301076,1909f56bfc062723c751e8b465ee728b)
Start importing Assets/URP/Presets/AudioStreaming.preset using Guid(86bcce7f5575b54408aa0f3a7d321039) Importer(815301076,1909f56bfc062723c751e8b465ee728b)  -> (artifact id: '9982fbd60bc57b892b2c54d34a0163c0') in 0.006977 seconds 
  Import took 0.009994 seconds .

========================================================================
Received Import Request.
  Time since last request: 0.000108 seconds.
  path: Assets/URP/Presets/NormalTexture.preset
  artifactKey: Guid(14a57cf3b9fa1c74b884aa7e0dcf1faa) Importer(815301076,1909f56bfc062723c751e8b465ee728b)
Start importing Assets/URP/Presets/NormalTexture.preset using Guid(14a57cf3b9fa1c74b884aa7e0dcf1faa) Importer(815301076,1909f56bfc062723c751e8b465ee728b)  -> (artifact id: '9c195482fc53bc4f53f643643f636469') in 0.007940 seconds 
  Import took 0.010799 seconds .

========================================================================
Received Import Request.
  Time since last request: 0.000105 seconds.
  path: Assets/URP/Presets/UtilityTexture.preset
  artifactKey: Guid(45f7b2e3c78185248b3adbb14429c2ab) Importer(815301076,1909f56bfc062723c751e8b465ee728b)
Start importing Assets/URP/Presets/UtilityTexture.preset using Guid(45f7b2e3c78185248b3adbb14429c2ab) Importer(815301076,1909f56bfc062723c751e8b465ee728b)  -> (artifact id: 'ab9c1faeeb59b745cafa0ae79c874a42') in 0.008783 seconds 
  Import took 0.012022 seconds .

========================================================================
Received Import Request.
  Time since last request: 4.022403 seconds.
  path: Assets/SampleScene.unity
  artifactKey: Guid(5c563a80db0eb8145bca8c65a4a0a572) Importer(815301076,1909f56bfc062723c751e8b465ee728b)
Start importing Assets/SampleScene.unity using Guid(5c563a80db0eb8145bca8c65a4a0a572) Importer(815301076,1909f56bfc062723c751e8b465ee728b)  -> (artifact id: '67658a70f219d12e052dcc62c32a72af') in 0.001850 seconds 
  Import took 0.005691 seconds .

========================================================================
Received Import Request.
  Time since last request: 10.147459 seconds.
  path: Assets/DefaultScene.unity
  artifactKey: Guid(5c563a80db0eb8145bca8c65a4a0a572) Importer(815301076,1909f56bfc062723c751e8b465ee728b)
Start importing Assets/DefaultScene.unity using Guid(5c563a80db0eb8145bca8c65a4a0a572) Importer(815301076,1909f56bfc062723c751e8b465ee728b)  -> (artifact id: '20483779b250fc209c5a3c92a26e1aef') in 0.004939 seconds 
  Import took 0.008606 seconds .

AssetImportWorkerClient::OnTransportError - code=2 error=End of file
